[01] device = mps
[01] block structure:
block | range | n_features
B0    | [0:128) | 128
B1    | [128:512) | 384
B2    | [512:2048) | 1536
B3    | [2048:8192) | 6144
B4    | [8192:32768) | 24576

Loading weights:   0%|          | 0/288 [00:00<?, ?it/s]Loading weights: 100%|██████████| 288/288 [00:00<00:00, 4597.06it/s]
/Users/ruqiya/Codeing-repos/Research/eleuther/I-6-Hierarchy-in-SAEs/venv/lib/python3.13/site-packages/sae_lens/saes/sae.py:253: UserWarning: 
This SAE has non-empty model_from_pretrained_kwargs. 
For optimal performance, load the model like so:
model = HookedSAETransformer.from_pretrained_no_processing(..., **cfg.model_from_pretrained_kwargs)
  warnings.warn(
Loaded pretrained model google/gemma-2-2b into HookedTransformer
[01] loading NeelNanda/pile-10k (first 400 docs) ...
[01] tokenizing + counting token ids for frequency buckets ...
[01]   bucket 0: 184 token ids
[01]   bucket 1: 6269 token ids
[01]   bucket 2: 249547 token ids
[01] block pairs: [(0, 1), (1, 2), (2, 3)]
[01] batch 1/50 | tokens=974 | 1.2s | 838 tok/s
[01] batch 6/50 | tokens=5909 | 3.8s | 1565 tok/s
[01] batch 11/50 | tokens=10767 | 5.4s | 1976 tok/s
[01] batch 16/50 | tokens=15565 | 7.3s | 2134 tok/s
[01] batch 21/50 | tokens=20325 | 8.9s | 2281 tok/s
[01] batch 26/50 | tokens=25222 | 10.5s | 2397 tok/s
[01] batch 31/50 | tokens=30212 | 12.3s | 2456 tok/s
[01] batch 36/50 | tokens=35117 | 14.1s | 2491 tok/s
[01] batch 41/50 | tokens=40089 | 15.9s | 2516 tok/s
[01] batch 46/50 | tokens=44875 | 17.7s | 2529 tok/s
[01] batch 50/50 | tokens=48971 | 19.2s | 2554 tok/s

[01] saved -> /Users/ruqiya/Codeing-repos/Research/eleuther/SOAR-I-6/experiment_0/outputs/exp0_stats.pt
[01] total tokens: 48971
[01] alive features: 27971/32768 (85.4%)
